<?xml version="1.0" encoding="UTF-8"?>
<!-- Generated by org.testng.reporters.JUnitReportReporter -->
<testsuite hostname="DESKTOP-EQ55Q8H" failures="0" tests="1" name="com.testingshastra.testcases.TestCaseOrangeHRM" time="7.048" errors="0" timestamp="2025-01-13T11:49:59 IST" skipped="0">
  <testcase classname="com.testingshastra.testcases.TestCaseOrangeHRM" name="toVerifyLogin" time="7.048"/>
  <system-out/>
</testsuite> <!-- com.testingshastra.testcases.TestCaseOrangeHRM -->
